2020-09-19 22:18:32,686 [Worker-1: Loading available Gradle versions] INFO  o.e.b.c.i.u.g.PublishedGradleVersions - Gradle version information cache is up-to-date. Trying to read.
2020-09-19 22:20:30,416 [Worker-23: Creating maven-archetype-quickstart] INFO  o.e.m.c.i.p.ProjectConfigurationManager - Collecting project info '/pom.xml' C:\Users\lblan\Promineo Assignments\Weekly Assignments\Spring Boot Week 2\inventoryManagement\pom.xml
2020-09-19 22:20:32,472 [Worker-23: Creating maven-archetype-quickstart] INFO  o.e.m.c.i.l.LifecycleMappingFactory - Using org.eclipse.m2e.jdt.JarLifecycleMapping lifecycle mapping for MavenProject: com.promineotech:inventoryManagement:0.0.1-SNAPSHOT @ C:\Users\lblan\Promineo Assignments\Weekly Assignments\Spring Boot Week 2\inventoryManagement\pom.xml.
2020-09-19 22:20:33,000 [Worker-23: Creating maven-archetype-quickstart] INFO  o.e.m.j.i.AbstractJavaProjectConfigurator - Adding source folder /inventoryManagement/src/main/java
2020-09-19 22:20:33,004 [Worker-23: Creating maven-archetype-quickstart] INFO  o.e.m.j.i.AbstractJavaProjectConfigurator - Adding source folder /inventoryManagement/src/test/java
2020-09-19 22:20:33,231 [Worker-23: Creating maven-archetype-quickstart] INFO  o.e.m.c.i.p.ProjectConfigurationManager - Imported and configured 1 project(s) in 2 sec
2020-09-19 22:20:33,907 [Worker-11: Building] INFO  o.e.m.c.i.embedder.EclipseLogger - Using 'UTF-8' encoding to copy filtered resources.
2020-09-19 22:20:33,907 [Worker-11: Building] INFO  o.e.m.c.i.embedder.EclipseLogger - skip non existing resourceDirectory C:\Users\lblan\Promineo Assignments\Weekly Assignments\Spring Boot Week 2\inventoryManagement\src\main\resources
2020-09-19 22:20:33,909 [Worker-11: Building] INFO  o.e.m.c.i.embedder.EclipseLogger - Using 'UTF-8' encoding to copy filtered resources.
2020-09-19 22:20:33,909 [Worker-11: Building] INFO  o.e.m.c.i.embedder.EclipseLogger - skip non existing resourceDirectory C:\Users\lblan\Promineo Assignments\Weekly Assignments\Spring Boot Week 2\inventoryManagement\src\test\resources
2020-09-19 22:23:43,045 [Worker-20: Building] INFO  o.e.m.c.i.embedder.EclipseLogger - Using 'UTF-8' encoding to copy filtered resources.
2020-09-19 22:23:43,046 [Worker-20: Building] INFO  o.e.m.c.i.embedder.EclipseLogger - skip non existing resourceDirectory C:\Users\lblan\Promineo Assignments\Weekly Assignments\Spring Boot Week 2\inventoryManagement\src\main\resources
2020-09-19 22:23:43,046 [Worker-20: Building] INFO  o.e.m.c.i.embedder.EclipseLogger - Using 'UTF-8' encoding to copy filtered resources.
2020-09-19 22:23:43,046 [Worker-20: Building] INFO  o.e.m.c.i.embedder.EclipseLogger - skip non existing resourceDirectory C:\Users\lblan\Promineo Assignments\Weekly Assignments\Spring Boot Week 2\inventoryManagement\src\test\resources
2020-09-19 22:30:09,657 [Worker-21: Building] INFO  o.e.m.c.i.embedder.EclipseLogger - Using 'UTF-8' encoding to copy filtered resources.
2020-09-19 22:30:09,657 [Worker-21: Building] INFO  o.e.m.c.i.embedder.EclipseLogger - skip non existing resourceDirectory C:\Users\lblan\Promineo Assignments\Weekly Assignments\Spring Boot Week 2\inventoryManagement\src\main\resources
2020-09-19 22:30:09,658 [Worker-21: Building] INFO  o.e.m.c.i.embedder.EclipseLogger - Using 'UTF-8' encoding to copy filtered resources.
2020-09-19 22:30:09,658 [Worker-21: Building] INFO  o.e.m.c.i.embedder.EclipseLogger - skip non existing resourceDirectory C:\Users\lblan\Promineo Assignments\Weekly Assignments\Spring Boot Week 2\inventoryManagement\src\test\resources
2020-09-19 22:30:20,529 [Worker-20: Building] INFO  o.e.m.c.i.embedder.EclipseLogger - Using 'UTF-8' encoding to copy filtered resources.
2020-09-19 22:30:20,529 [Worker-20: Building] INFO  o.e.m.c.i.embedder.EclipseLogger - skip non existing resourceDirectory C:\Users\lblan\Promineo Assignments\Weekly Assignments\Spring Boot Week 2\inventoryManagement\src\main\resources
2020-09-19 22:30:20,530 [Worker-20: Building] INFO  o.e.m.c.i.embedder.EclipseLogger - Using 'UTF-8' encoding to copy filtered resources.
2020-09-19 22:30:20,530 [Worker-20: Building] INFO  o.e.m.c.i.embedder.EclipseLogger - skip non existing resourceDirectory C:\Users\lblan\Promineo Assignments\Weekly Assignments\Spring Boot Week 2\inventoryManagement\src\test\resources
2020-09-19 22:30:32,348 [Worker-11: Building] INFO  o.e.m.c.i.embedder.EclipseLogger - Using 'UTF-8' encoding to copy filtered resources.
2020-09-19 22:30:32,348 [Worker-11: Building] INFO  o.e.m.c.i.embedder.EclipseLogger - skip non existing resourceDirectory C:\Users\lblan\Promineo Assignments\Weekly Assignments\Spring Boot Week 2\inventoryManagement\src\main\resources
2020-09-19 22:30:32,350 [Worker-11: Building] INFO  o.e.m.c.i.embedder.EclipseLogger - Using 'UTF-8' encoding to copy filtered resources.
2020-09-19 22:30:32,350 [Worker-11: Building] INFO  o.e.m.c.i.embedder.EclipseLogger - skip non existing resourceDirectory C:\Users\lblan\Promineo Assignments\Weekly Assignments\Spring Boot Week 2\inventoryManagement\src\test\resources
2020-09-19 22:30:40,690 [Worker-20: Building] INFO  o.e.m.c.i.embedder.EclipseLogger - Using 'UTF-8' encoding to copy filtered resources.
2020-09-19 22:30:40,690 [Worker-20: Building] INFO  o.e.m.c.i.embedder.EclipseLogger - skip non existing resourceDirectory C:\Users\lblan\Promineo Assignments\Weekly Assignments\Spring Boot Week 2\inventoryManagement\src\main\resources
2020-09-19 22:30:40,691 [Worker-20: Building] INFO  o.e.m.c.i.embedder.EclipseLogger - Using 'UTF-8' encoding to copy filtered resources.
2020-09-19 22:30:40,691 [Worker-20: Building] INFO  o.e.m.c.i.embedder.EclipseLogger - skip non existing resourceDirectory C:\Users\lblan\Promineo Assignments\Weekly Assignments\Spring Boot Week 2\inventoryManagement\src\test\resources
2020-09-19 22:31:15,166 [Worker-11: Building] INFO  o.e.m.c.i.embedder.EclipseLogger - Using 'UTF-8' encoding to copy filtered resources.
2020-09-19 22:31:15,166 [Worker-11: Building] INFO  o.e.m.c.i.embedder.EclipseLogger - skip non existing resourceDirectory C:\Users\lblan\Promineo Assignments\Weekly Assignments\Spring Boot Week 2\inventoryManagement\src\main\resources
2020-09-19 22:31:15,167 [Worker-11: Building] INFO  o.e.m.c.i.embedder.EclipseLogger - Using 'UTF-8' encoding to copy filtered resources.
2020-09-19 22:31:15,167 [Worker-11: Building] INFO  o.e.m.c.i.embedder.EclipseLogger - skip non existing resourceDirectory C:\Users\lblan\Promineo Assignments\Weekly Assignments\Spring Boot Week 2\inventoryManagement\src\test\resources
2020-09-19 22:31:41,731 [Worker-36: Building] INFO  o.e.m.c.i.embedder.EclipseLogger - Using 'UTF-8' encoding to copy filtered resources.
2020-09-19 22:31:41,731 [Worker-36: Building] INFO  o.e.m.c.i.embedder.EclipseLogger - skip non existing resourceDirectory C:\Users\lblan\Promineo Assignments\Weekly Assignments\Spring Boot Week 2\inventoryManagement\src\main\resources
2020-09-19 22:31:41,733 [Worker-36: Building] INFO  o.e.m.c.i.embedder.EclipseLogger - Using 'UTF-8' encoding to copy filtered resources.
2020-09-19 22:31:41,733 [Worker-36: Building] INFO  o.e.m.c.i.embedder.EclipseLogger - skip non existing resourceDirectory C:\Users\lblan\Promineo Assignments\Weekly Assignments\Spring Boot Week 2\inventoryManagement\src\test\resources
2020-09-19 22:31:57,898 [Worker-20: Building] INFO  o.e.m.c.i.embedder.EclipseLogger - Using 'UTF-8' encoding to copy filtered resources.
2020-09-19 22:31:57,898 [Worker-20: Building] INFO  o.e.m.c.i.embedder.EclipseLogger - skip non existing resourceDirectory C:\Users\lblan\Promineo Assignments\Weekly Assignments\Spring Boot Week 2\inventoryManagement\src\main\resources
2020-09-19 22:31:57,899 [Worker-20: Building] INFO  o.e.m.c.i.embedder.EclipseLogger - Using 'UTF-8' encoding to copy filtered resources.
2020-09-19 22:31:57,899 [Worker-20: Building] INFO  o.e.m.c.i.embedder.EclipseLogger - skip non existing resourceDirectory C:\Users\lblan\Promineo Assignments\Weekly Assignments\Spring Boot Week 2\inventoryManagement\src\test\resources
2020-09-19 22:32:20,227 [Worker-36: Building] INFO  o.e.m.c.i.embedder.EclipseLogger - Using 'UTF-8' encoding to copy filtered resources.
2020-09-19 22:32:20,227 [Worker-36: Building] INFO  o.e.m.c.i.embedder.EclipseLogger - skip non existing resourceDirectory C:\Users\lblan\Promineo Assignments\Weekly Assignments\Spring Boot Week 2\inventoryManagement\src\main\resources
2020-09-19 22:32:20,228 [Worker-36: Building] INFO  o.e.m.c.i.embedder.EclipseLogger - Using 'UTF-8' encoding to copy filtered resources.
2020-09-19 22:32:20,228 [Worker-36: Building] INFO  o.e.m.c.i.embedder.EclipseLogger - skip non existing resourceDirectory C:\Users\lblan\Promineo Assignments\Weekly Assignments\Spring Boot Week 2\inventoryManagement\src\test\resources
2020-09-19 22:32:21,236 [Worker-36: Building] INFO  o.e.m.c.i.embedder.EclipseLogger - Using 'UTF-8' encoding to copy filtered resources.
2020-09-19 22:32:21,236 [Worker-36: Building] INFO  o.e.m.c.i.embedder.EclipseLogger - skip non existing resourceDirectory C:\Users\lblan\Promineo Assignments\Weekly Assignments\Spring Boot Week 2\inventoryManagement\src\main\resources
2020-09-19 22:32:21,237 [Worker-36: Building] INFO  o.e.m.c.i.embedder.EclipseLogger - Using 'UTF-8' encoding to copy filtered resources.
2020-09-19 22:32:21,237 [Worker-36: Building] INFO  o.e.m.c.i.embedder.EclipseLogger - skip non existing resourceDirectory C:\Users\lblan\Promineo Assignments\Weekly Assignments\Spring Boot Week 2\inventoryManagement\src\test\resources
2020-09-19 22:32:31,273 [Worker-11: Building] INFO  o.e.m.c.i.embedder.EclipseLogger - Using 'UTF-8' encoding to copy filtered resources.
2020-09-19 22:32:31,273 [Worker-11: Building] INFO  o.e.m.c.i.embedder.EclipseLogger - skip non existing resourceDirectory C:\Users\lblan\Promineo Assignments\Weekly Assignments\Spring Boot Week 2\inventoryManagement\src\main\resources
2020-09-19 22:32:31,274 [Worker-11: Building] INFO  o.e.m.c.i.embedder.EclipseLogger - Using 'UTF-8' encoding to copy filtered resources.
2020-09-19 22:32:31,274 [Worker-11: Building] INFO  o.e.m.c.i.embedder.EclipseLogger - skip non existing resourceDirectory C:\Users\lblan\Promineo Assignments\Weekly Assignments\Spring Boot Week 2\inventoryManagement\src\test\resources
2020-09-19 22:32:43,812 [Worker-37: Building] INFO  o.e.m.c.i.embedder.EclipseLogger - Using 'UTF-8' encoding to copy filtered resources.
2020-09-19 22:32:43,812 [Worker-37: Building] INFO  o.e.m.c.i.embedder.EclipseLogger - skip non existing resourceDirectory C:\Users\lblan\Promineo Assignments\Weekly Assignments\Spring Boot Week 2\inventoryManagement\src\main\resources
2020-09-19 22:32:43,813 [Worker-37: Building] INFO  o.e.m.c.i.embedder.EclipseLogger - Using 'UTF-8' encoding to copy filtered resources.
2020-09-19 22:32:43,813 [Worker-37: Building] INFO  o.e.m.c.i.embedder.EclipseLogger - skip non existing resourceDirectory C:\Users\lblan\Promineo Assignments\Weekly Assignments\Spring Boot Week 2\inventoryManagement\src\test\resources
2020-09-19 22:32:53,256 [Worker-36: Building] INFO  o.e.m.c.i.embedder.EclipseLogger - Using 'UTF-8' encoding to copy filtered resources.
2020-09-19 22:32:53,256 [Worker-36: Building] INFO  o.e.m.c.i.embedder.EclipseLogger - skip non existing resourceDirectory C:\Users\lblan\Promineo Assignments\Weekly Assignments\Spring Boot Week 2\inventoryManagement\src\main\resources
2020-09-19 22:32:53,257 [Worker-36: Building] INFO  o.e.m.c.i.embedder.EclipseLogger - Using 'UTF-8' encoding to copy filtered resources.
2020-09-19 22:32:53,257 [Worker-36: Building] INFO  o.e.m.c.i.embedder.EclipseLogger - skip non existing resourceDirectory C:\Users\lblan\Promineo Assignments\Weekly Assignments\Spring Boot Week 2\inventoryManagement\src\test\resources
2020-09-19 22:32:59,779 [Worker-21: Building] INFO  o.e.m.c.i.embedder.EclipseLogger - Using 'UTF-8' encoding to copy filtered resources.
2020-09-19 22:32:59,779 [Worker-21: Building] INFO  o.e.m.c.i.embedder.EclipseLogger - skip non existing resourceDirectory C:\Users\lblan\Promineo Assignments\Weekly Assignments\Spring Boot Week 2\inventoryManagement\src\main\resources
2020-09-19 22:32:59,780 [Worker-21: Building] INFO  o.e.m.c.i.embedder.EclipseLogger - Using 'UTF-8' encoding to copy filtered resources.
2020-09-19 22:32:59,780 [Worker-21: Building] INFO  o.e.m.c.i.embedder.EclipseLogger - skip non existing resourceDirectory C:\Users\lblan\Promineo Assignments\Weekly Assignments\Spring Boot Week 2\inventoryManagement\src\test\resources
2020-09-19 22:33:05,251 [Worker-36: Building] INFO  o.e.m.c.i.embedder.EclipseLogger - Using 'UTF-8' encoding to copy filtered resources.
2020-09-19 22:33:05,251 [Worker-36: Building] INFO  o.e.m.c.i.embedder.EclipseLogger - skip non existing resourceDirectory C:\Users\lblan\Promineo Assignments\Weekly Assignments\Spring Boot Week 2\inventoryManagement\src\main\resources
2020-09-19 22:33:05,252 [Worker-36: Building] INFO  o.e.m.c.i.embedder.EclipseLogger - Using 'UTF-8' encoding to copy filtered resources.
2020-09-19 22:33:05,253 [Worker-36: Building] INFO  o.e.m.c.i.embedder.EclipseLogger - skip non existing resourceDirectory C:\Users\lblan\Promineo Assignments\Weekly Assignments\Spring Boot Week 2\inventoryManagement\src\test\resources
2020-09-19 22:33:12,518 [Worker-37: Building] INFO  o.e.m.c.i.embedder.EclipseLogger - Using 'UTF-8' encoding to copy filtered resources.
2020-09-19 22:33:12,518 [Worker-37: Building] INFO  o.e.m.c.i.embedder.EclipseLogger - skip non existing resourceDirectory C:\Users\lblan\Promineo Assignments\Weekly Assignments\Spring Boot Week 2\inventoryManagement\src\main\resources
2020-09-19 22:33:12,519 [Worker-37: Building] INFO  o.e.m.c.i.embedder.EclipseLogger - Using 'UTF-8' encoding to copy filtered resources.
2020-09-19 22:33:12,519 [Worker-37: Building] INFO  o.e.m.c.i.embedder.EclipseLogger - skip non existing resourceDirectory C:\Users\lblan\Promineo Assignments\Weekly Assignments\Spring Boot Week 2\inventoryManagement\src\test\resources
2020-09-19 22:33:23,708 [Worker-37: Building] INFO  o.e.m.c.i.embedder.EclipseLogger - Using 'UTF-8' encoding to copy filtered resources.
2020-09-19 22:33:23,709 [Worker-37: Building] INFO  o.e.m.c.i.embedder.EclipseLogger - skip non existing resourceDirectory C:\Users\lblan\Promineo Assignments\Weekly Assignments\Spring Boot Week 2\inventoryManagement\src\main\resources
2020-09-19 22:33:23,709 [Worker-37: Building] INFO  o.e.m.c.i.embedder.EclipseLogger - Using 'UTF-8' encoding to copy filtered resources.
2020-09-19 22:33:23,709 [Worker-37: Building] INFO  o.e.m.c.i.embedder.EclipseLogger - skip non existing resourceDirectory C:\Users\lblan\Promineo Assignments\Weekly Assignments\Spring Boot Week 2\inventoryManagement\src\test\resources
2020-09-19 22:33:32,859 [Worker-20: Building] INFO  o.e.m.c.i.embedder.EclipseLogger - Using 'UTF-8' encoding to copy filtered resources.
2020-09-19 22:33:32,859 [Worker-20: Building] INFO  o.e.m.c.i.embedder.EclipseLogger - skip non existing resourceDirectory C:\Users\lblan\Promineo Assignments\Weekly Assignments\Spring Boot Week 2\inventoryManagement\src\main\resources
2020-09-19 22:33:32,860 [Worker-20: Building] INFO  o.e.m.c.i.embedder.EclipseLogger - Using 'UTF-8' encoding to copy filtered resources.
2020-09-19 22:33:32,860 [Worker-20: Building] INFO  o.e.m.c.i.embedder.EclipseLogger - skip non existing resourceDirectory C:\Users\lblan\Promineo Assignments\Weekly Assignments\Spring Boot Week 2\inventoryManagement\src\test\resources
2020-09-19 22:33:43,407 [Worker-36: Building] INFO  o.e.m.c.i.embedder.EclipseLogger - Using 'UTF-8' encoding to copy filtered resources.
2020-09-19 22:33:43,407 [Worker-36: Building] INFO  o.e.m.c.i.embedder.EclipseLogger - skip non existing resourceDirectory C:\Users\lblan\Promineo Assignments\Weekly Assignments\Spring Boot Week 2\inventoryManagement\src\main\resources
2020-09-19 22:33:43,408 [Worker-36: Building] INFO  o.e.m.c.i.embedder.EclipseLogger - Using 'UTF-8' encoding to copy filtered resources.
2020-09-19 22:33:43,408 [Worker-36: Building] INFO  o.e.m.c.i.embedder.EclipseLogger - skip non existing resourceDirectory C:\Users\lblan\Promineo Assignments\Weekly Assignments\Spring Boot Week 2\inventoryManagement\src\test\resources
2020-09-19 22:33:53,678 [Worker-36: Building] INFO  o.e.m.c.i.embedder.EclipseLogger - Using 'UTF-8' encoding to copy filtered resources.
2020-09-19 22:33:53,678 [Worker-36: Building] INFO  o.e.m.c.i.embedder.EclipseLogger - skip non existing resourceDirectory C:\Users\lblan\Promineo Assignments\Weekly Assignments\Spring Boot Week 2\inventoryManagement\src\main\resources
2020-09-19 22:33:53,679 [Worker-36: Building] INFO  o.e.m.c.i.embedder.EclipseLogger - Using 'UTF-8' encoding to copy filtered resources.
2020-09-19 22:33:53,679 [Worker-36: Building] INFO  o.e.m.c.i.embedder.EclipseLogger - skip non existing resourceDirectory C:\Users\lblan\Promineo Assignments\Weekly Assignments\Spring Boot Week 2\inventoryManagement\src\test\resources
2020-09-19 22:34:02,201 [Worker-20: Building] INFO  o.e.m.c.i.embedder.EclipseLogger - Using 'UTF-8' encoding to copy filtered resources.
2020-09-19 22:34:02,201 [Worker-20: Building] INFO  o.e.m.c.i.embedder.EclipseLogger - skip non existing resourceDirectory C:\Users\lblan\Promineo Assignments\Weekly Assignments\Spring Boot Week 2\inventoryManagement\src\main\resources
2020-09-19 22:34:02,202 [Worker-20: Building] INFO  o.e.m.c.i.embedder.EclipseLogger - Using 'UTF-8' encoding to copy filtered resources.
2020-09-19 22:34:02,202 [Worker-20: Building] INFO  o.e.m.c.i.embedder.EclipseLogger - skip non existing resourceDirectory C:\Users\lblan\Promineo Assignments\Weekly Assignments\Spring Boot Week 2\inventoryManagement\src\test\resources
2020-09-19 22:34:12,881 [Worker-21: Building] INFO  o.e.m.c.i.embedder.EclipseLogger - Using 'UTF-8' encoding to copy filtered resources.
2020-09-19 22:34:12,881 [Worker-21: Building] INFO  o.e.m.c.i.embedder.EclipseLogger - skip non existing resourceDirectory C:\Users\lblan\Promineo Assignments\Weekly Assignments\Spring Boot Week 2\inventoryManagement\src\main\resources
2020-09-19 22:34:12,882 [Worker-21: Building] INFO  o.e.m.c.i.embedder.EclipseLogger - Using 'UTF-8' encoding to copy filtered resources.
2020-09-19 22:34:12,883 [Worker-21: Building] INFO  o.e.m.c.i.embedder.EclipseLogger - skip non existing resourceDirectory C:\Users\lblan\Promineo Assignments\Weekly Assignments\Spring Boot Week 2\inventoryManagement\src\test\resources
2020-09-19 22:34:23,793 [Worker-20: Building] INFO  o.e.m.c.i.embedder.EclipseLogger - Using 'UTF-8' encoding to copy filtered resources.
2020-09-19 22:34:23,793 [Worker-20: Building] INFO  o.e.m.c.i.embedder.EclipseLogger - skip non existing resourceDirectory C:\Users\lblan\Promineo Assignments\Weekly Assignments\Spring Boot Week 2\inventoryManagement\src\main\resources
2020-09-19 22:34:23,794 [Worker-20: Building] INFO  o.e.m.c.i.embedder.EclipseLogger - Using 'UTF-8' encoding to copy filtered resources.
2020-09-19 22:34:23,794 [Worker-20: Building] INFO  o.e.m.c.i.embedder.EclipseLogger - skip non existing resourceDirectory C:\Users\lblan\Promineo Assignments\Weekly Assignments\Spring Boot Week 2\inventoryManagement\src\test\resources
2020-09-19 22:34:37,160 [Worker-11: Building] INFO  o.e.m.c.i.embedder.EclipseLogger - Using 'UTF-8' encoding to copy filtered resources.
2020-09-19 22:34:37,160 [Worker-11: Building] INFO  o.e.m.c.i.embedder.EclipseLogger - skip non existing resourceDirectory C:\Users\lblan\Promineo Assignments\Weekly Assignments\Spring Boot Week 2\inventoryManagement\src\main\resources
2020-09-19 22:34:37,161 [Worker-11: Building] INFO  o.e.m.c.i.embedder.EclipseLogger - Using 'UTF-8' encoding to copy filtered resources.
2020-09-19 22:34:37,161 [Worker-11: Building] INFO  o.e.m.c.i.embedder.EclipseLogger - skip non existing resourceDirectory C:\Users\lblan\Promineo Assignments\Weekly Assignments\Spring Boot Week 2\inventoryManagement\src\test\resources
2020-09-19 22:34:47,649 [Worker-21: Building] INFO  o.e.m.c.i.embedder.EclipseLogger - Using 'UTF-8' encoding to copy filtered resources.
2020-09-19 22:34:47,650 [Worker-21: Building] INFO  o.e.m.c.i.embedder.EclipseLogger - skip non existing resourceDirectory C:\Users\lblan\Promineo Assignments\Weekly Assignments\Spring Boot Week 2\inventoryManagement\src\main\resources
2020-09-19 22:34:47,651 [Worker-21: Building] INFO  o.e.m.c.i.embedder.EclipseLogger - Using 'UTF-8' encoding to copy filtered resources.
2020-09-19 22:34:47,651 [Worker-21: Building] INFO  o.e.m.c.i.embedder.EclipseLogger - skip non existing resourceDirectory C:\Users\lblan\Promineo Assignments\Weekly Assignments\Spring Boot Week 2\inventoryManagement\src\test\resources
2020-09-19 22:35:23,979 [Worker-20: Building] INFO  o.e.m.c.i.l.LifecycleMappingFactory - Using org.eclipse.m2e.jdt.JarLifecycleMapping lifecycle mapping for MavenProject: com.promineotech:inventoryManagement:0.0.1-SNAPSHOT @ C:\Users\lblan\Promineo Assignments\Weekly Assignments\Spring Boot Week 2\inventoryManagement\pom.xml.
2020-09-19 22:35:25,489 [Worker-20: Building] INFO  o.e.m.c.i.embedder.EclipseLogger - Using 'UTF-8' encoding to copy filtered resources.
2020-09-19 22:35:25,490 [Worker-20: Building] INFO  o.e.m.c.i.embedder.EclipseLogger - skip non existing resourceDirectory C:\Users\lblan\Promineo Assignments\Weekly Assignments\Spring Boot Week 2\inventoryManagement\src\main\resources
2020-09-19 22:35:25,490 [Worker-20: Building] INFO  o.e.m.c.i.embedder.EclipseLogger - skip non existing resourceDirectory C:\Users\lblan\Promineo Assignments\Weekly Assignments\Spring Boot Week 2\inventoryManagement\src\main\resources
2020-09-19 22:35:25,492 [Worker-20: Building] INFO  o.e.m.c.i.embedder.EclipseLogger - Using 'UTF-8' encoding to copy filtered resources.
2020-09-19 22:35:25,492 [Worker-20: Building] INFO  o.e.m.c.i.embedder.EclipseLogger - skip non existing resourceDirectory C:\Users\lblan\Promineo Assignments\Weekly Assignments\Spring Boot Week 2\inventoryManagement\src\test\resources
2020-09-19 22:35:25,544 [Worker-36: Download sources and javadoc] INFO  o.e.m.c.i.e.AbstractTransferListenerAdapter - Downloading https://repo.maven.apache.org/maven2/mysql/mysql-connector-java/5.1.36/mysql-connector-java-5.1.36-sources.jar
2020-09-19 22:35:25,723 [Worker-36: Download sources and javadoc] INFO  o.e.m.c.i.e.AbstractTransferListenerAdapter - Downloaded https://repo.maven.apache.org/maven2/mysql/mysql-connector-java/5.1.36/mysql-connector-java-5.1.36-sources.jar
2020-09-19 22:35:25,792 [Worker-36: Download sources and javadoc] INFO  o.e.m.j.internal.DownloadSourcesJob - Downloaded sources for mysql:mysql-connector-java:5.1.36
2020-09-19 22:35:26,715 [Worker-11: Building] INFO  o.e.m.c.i.embedder.EclipseLogger - Using 'UTF-8' encoding to copy filtered resources.
2020-09-19 22:35:26,715 [Worker-11: Building] INFO  o.e.m.c.i.embedder.EclipseLogger - skip non existing resourceDirectory C:\Users\lblan\Promineo Assignments\Weekly Assignments\Spring Boot Week 2\inventoryManagement\src\main\resources
2020-09-19 22:35:26,715 [Worker-11: Building] INFO  o.e.m.c.i.embedder.EclipseLogger - skip non existing resourceDirectory C:\Users\lblan\Promineo Assignments\Weekly Assignments\Spring Boot Week 2\inventoryManagement\src\main\resources
2020-09-19 22:35:26,716 [Worker-11: Building] INFO  o.e.m.c.i.embedder.EclipseLogger - Using 'UTF-8' encoding to copy filtered resources.
2020-09-19 22:35:26,716 [Worker-11: Building] INFO  o.e.m.c.i.embedder.EclipseLogger - skip non existing resourceDirectory C:\Users\lblan\Promineo Assignments\Weekly Assignments\Spring Boot Week 2\inventoryManagement\src\test\resources
2020-09-19 22:40:29,573 [Worker-21: Building] INFO  o.e.m.c.i.embedder.EclipseLogger - Using 'UTF-8' encoding to copy filtered resources.
2020-09-19 22:40:29,573 [Worker-21: Building] INFO  o.e.m.c.i.embedder.EclipseLogger - skip non existing resourceDirectory C:\Users\lblan\Promineo Assignments\Weekly Assignments\Spring Boot Week 2\inventoryManagement\src\main\resources
2020-09-19 22:40:29,573 [Worker-21: Building] INFO  o.e.m.c.i.embedder.EclipseLogger - skip non existing resourceDirectory C:\Users\lblan\Promineo Assignments\Weekly Assignments\Spring Boot Week 2\inventoryManagement\src\main\resources
2020-09-19 22:40:29,574 [Worker-21: Building] INFO  o.e.m.c.i.embedder.EclipseLogger - Using 'UTF-8' encoding to copy filtered resources.
2020-09-19 22:40:29,575 [Worker-21: Building] INFO  o.e.m.c.i.embedder.EclipseLogger - skip non existing resourceDirectory C:\Users\lblan\Promineo Assignments\Weekly Assignments\Spring Boot Week 2\inventoryManagement\src\test\resources
2020-09-19 22:58:41,086 [Worker-21: Building] INFO  o.e.m.c.i.embedder.EclipseLogger - Using 'UTF-8' encoding to copy filtered resources.
2020-09-19 22:58:41,086 [Worker-21: Building] INFO  o.e.m.c.i.embedder.EclipseLogger - skip non existing resourceDirectory C:\Users\lblan\Promineo Assignments\Weekly Assignments\Spring Boot Week 2\inventoryManagement\src\main\resources
2020-09-19 22:58:41,087 [Worker-21: Building] INFO  o.e.m.c.i.embedder.EclipseLogger - skip non existing resourceDirectory C:\Users\lblan\Promineo Assignments\Weekly Assignments\Spring Boot Week 2\inventoryManagement\src\main\resources
2020-09-19 22:58:41,087 [Worker-21: Building] INFO  o.e.m.c.i.embedder.EclipseLogger - Using 'UTF-8' encoding to copy filtered resources.
2020-09-19 22:58:41,087 [Worker-21: Building] INFO  o.e.m.c.i.embedder.EclipseLogger - skip non existing resourceDirectory C:\Users\lblan\Promineo Assignments\Weekly Assignments\Spring Boot Week 2\inventoryManagement\src\test\resources
2020-09-19 22:59:19,411 [Worker-3: Loading available Gradle versions] INFO  o.e.b.c.i.u.g.PublishedGradleVersions - Gradle version information cache is up-to-date. Trying to read.
2020-09-19 23:02:15,081 [Worker-17: Building] INFO  o.e.m.c.i.embedder.EclipseLogger - Using 'UTF-8' encoding to copy filtered resources.
2020-09-19 23:02:15,082 [Worker-17: Building] INFO  o.e.m.c.i.embedder.EclipseLogger - skip non existing resourceDirectory C:\Users\lblan\Promineo Assignments\Weekly Assignments\Spring Boot Week 2\inventoryManagement\src\main\resources
2020-09-19 23:02:15,082 [Worker-17: Building] INFO  o.e.m.c.i.embedder.EclipseLogger - skip non existing resourceDirectory C:\Users\lblan\Promineo Assignments\Weekly Assignments\Spring Boot Week 2\inventoryManagement\src\main\resources
2020-09-19 23:02:15,084 [Worker-17: Building] INFO  o.e.m.c.i.embedder.EclipseLogger - Using 'UTF-8' encoding to copy filtered resources.
2020-09-19 23:02:15,085 [Worker-17: Building] INFO  o.e.m.c.i.embedder.EclipseLogger - skip non existing resourceDirectory C:\Users\lblan\Promineo Assignments\Weekly Assignments\Spring Boot Week 2\inventoryManagement\src\test\resources
2020-09-19 23:09:46,318 [Worker-1: Building] INFO  o.e.m.c.i.embedder.EclipseLogger - Using 'UTF-8' encoding to copy filtered resources.
2020-09-19 23:09:46,318 [Worker-1: Building] INFO  o.e.m.c.i.embedder.EclipseLogger - skip non existing resourceDirectory C:\Users\lblan\Promineo Assignments\Weekly Assignments\Spring Boot Week 2\inventoryManagement\src\main\resources
2020-09-19 23:09:46,318 [Worker-1: Building] INFO  o.e.m.c.i.embedder.EclipseLogger - skip non existing resourceDirectory C:\Users\lblan\Promineo Assignments\Weekly Assignments\Spring Boot Week 2\inventoryManagement\src\main\resources
2020-09-19 23:09:46,319 [Worker-1: Building] INFO  o.e.m.c.i.embedder.EclipseLogger - Using 'UTF-8' encoding to copy filtered resources.
2020-09-19 23:09:46,319 [Worker-1: Building] INFO  o.e.m.c.i.embedder.EclipseLogger - skip non existing resourceDirectory C:\Users\lblan\Promineo Assignments\Weekly Assignments\Spring Boot Week 2\inventoryManagement\src\test\resources
2020-09-20 13:11:25,438 [Worker-3: Loading available Gradle versions] INFO  o.e.b.c.i.u.g.PublishedGradleVersions - Gradle version information cache is up-to-date. Trying to read.
2020-09-20 13:56:14,426 [Worker-24: Building] INFO  o.e.m.c.i.embedder.EclipseLogger - Using 'UTF-8' encoding to copy filtered resources.
2020-09-20 13:56:14,427 [Worker-24: Building] INFO  o.e.m.c.i.embedder.EclipseLogger - skip non existing resourceDirectory C:\Users\lblan\Promineo Assignments\Weekly Assignments\Spring Boot Week 2\inventoryManagement\src\main\resources
2020-09-20 13:56:14,427 [Worker-24: Building] INFO  o.e.m.c.i.embedder.EclipseLogger - skip non existing resourceDirectory C:\Users\lblan\Promineo Assignments\Weekly Assignments\Spring Boot Week 2\inventoryManagement\src\main\resources
2020-09-20 13:56:14,429 [Worker-24: Building] INFO  o.e.m.c.i.embedder.EclipseLogger - Using 'UTF-8' encoding to copy filtered resources.
2020-09-20 13:56:14,429 [Worker-24: Building] INFO  o.e.m.c.i.embedder.EclipseLogger - skip non existing resourceDirectory C:\Users\lblan\Promineo Assignments\Weekly Assignments\Spring Boot Week 2\inventoryManagement\src\test\resources
2020-09-20 14:15:55,085 [Worker-18: Building] INFO  o.e.m.c.i.embedder.EclipseLogger - Using 'UTF-8' encoding to copy filtered resources.
2020-09-20 14:15:55,086 [Worker-18: Building] INFO  o.e.m.c.i.embedder.EclipseLogger - skip non existing resourceDirectory C:\Users\lblan\Promineo Assignments\Weekly Assignments\Spring Boot Week 2\inventoryManagement\src\main\resources
2020-09-20 14:15:55,086 [Worker-18: Building] INFO  o.e.m.c.i.embedder.EclipseLogger - skip non existing resourceDirectory C:\Users\lblan\Promineo Assignments\Weekly Assignments\Spring Boot Week 2\inventoryManagement\src\main\resources
2020-09-20 14:15:55,087 [Worker-18: Building] INFO  o.e.m.c.i.embedder.EclipseLogger - Using 'UTF-8' encoding to copy filtered resources.
2020-09-20 14:15:55,087 [Worker-18: Building] INFO  o.e.m.c.i.embedder.EclipseLogger - skip non existing resourceDirectory C:\Users\lblan\Promineo Assignments\Weekly Assignments\Spring Boot Week 2\inventoryManagement\src\test\resources
2020-09-20 14:30:09,803 [Worker-0: Building] INFO  o.e.m.c.i.embedder.EclipseLogger - Using 'UTF-8' encoding to copy filtered resources.
2020-09-20 14:30:09,803 [Worker-0: Building] INFO  o.e.m.c.i.embedder.EclipseLogger - skip non existing resourceDirectory C:\Users\lblan\Promineo Assignments\Weekly Assignments\Spring Boot Week 2\inventoryManagement\src\main\resources
2020-09-20 14:30:09,803 [Worker-0: Building] INFO  o.e.m.c.i.embedder.EclipseLogger - skip non existing resourceDirectory C:\Users\lblan\Promineo Assignments\Weekly Assignments\Spring Boot Week 2\inventoryManagement\src\main\resources
2020-09-20 14:30:09,805 [Worker-0: Building] INFO  o.e.m.c.i.embedder.EclipseLogger - Using 'UTF-8' encoding to copy filtered resources.
2020-09-20 14:30:09,805 [Worker-0: Building] INFO  o.e.m.c.i.embedder.EclipseLogger - skip non existing resourceDirectory C:\Users\lblan\Promineo Assignments\Weekly Assignments\Spring Boot Week 2\inventoryManagement\src\test\resources
2020-09-20 14:33:31,368 [Worker-19: Building] INFO  o.e.m.c.i.embedder.EclipseLogger - Using 'UTF-8' encoding to copy filtered resources.
2020-09-20 14:33:31,368 [Worker-19: Building] INFO  o.e.m.c.i.embedder.EclipseLogger - skip non existing resourceDirectory C:\Users\lblan\Promineo Assignments\Weekly Assignments\Spring Boot Week 2\inventoryManagement\src\main\resources
2020-09-20 14:33:31,368 [Worker-19: Building] INFO  o.e.m.c.i.embedder.EclipseLogger - skip non existing resourceDirectory C:\Users\lblan\Promineo Assignments\Weekly Assignments\Spring Boot Week 2\inventoryManagement\src\main\resources
2020-09-20 14:33:31,369 [Worker-19: Building] INFO  o.e.m.c.i.embedder.EclipseLogger - Using 'UTF-8' encoding to copy filtered resources.
2020-09-20 14:33:31,369 [Worker-19: Building] INFO  o.e.m.c.i.embedder.EclipseLogger - skip non existing resourceDirectory C:\Users\lblan\Promineo Assignments\Weekly Assignments\Spring Boot Week 2\inventoryManagement\src\test\resources
2020-09-20 14:46:21,844 [Worker-18: Building] INFO  o.e.m.c.i.embedder.EclipseLogger - Using 'UTF-8' encoding to copy filtered resources.
2020-09-20 14:46:21,844 [Worker-18: Building] INFO  o.e.m.c.i.embedder.EclipseLogger - skip non existing resourceDirectory C:\Users\lblan\Promineo Assignments\Weekly Assignments\Spring Boot Week 2\inventoryManagement\src\main\resources
2020-09-20 14:46:21,844 [Worker-18: Building] INFO  o.e.m.c.i.embedder.EclipseLogger - skip non existing resourceDirectory C:\Users\lblan\Promineo Assignments\Weekly Assignments\Spring Boot Week 2\inventoryManagement\src\main\resources
2020-09-20 14:46:21,845 [Worker-18: Building] INFO  o.e.m.c.i.embedder.EclipseLogger - Using 'UTF-8' encoding to copy filtered resources.
2020-09-20 14:46:21,845 [Worker-18: Building] INFO  o.e.m.c.i.embedder.EclipseLogger - skip non existing resourceDirectory C:\Users\lblan\Promineo Assignments\Weekly Assignments\Spring Boot Week 2\inventoryManagement\src\test\resources
2020-09-20 14:47:51,599 [Worker-0: Loading available Gradle versions] INFO  o.e.b.c.i.u.g.PublishedGradleVersions - Gradle version information cache is up-to-date. Trying to read.
2020-09-20 14:51:02,660 [Worker-9: Building] INFO  o.e.m.c.i.embedder.EclipseLogger - Using 'UTF-8' encoding to copy filtered resources.
2020-09-20 14:51:02,661 [Worker-9: Building] INFO  o.e.m.c.i.embedder.EclipseLogger - skip non existing resourceDirectory C:\Users\lblan\Promineo Assignments\Weekly Assignments\Spring Boot Week 2\inventoryManagement\src\main\resources
2020-09-20 14:51:02,661 [Worker-9: Building] INFO  o.e.m.c.i.embedder.EclipseLogger - skip non existing resourceDirectory C:\Users\lblan\Promineo Assignments\Weekly Assignments\Spring Boot Week 2\inventoryManagement\src\main\resources
2020-09-20 14:51:02,663 [Worker-9: Building] INFO  o.e.m.c.i.embedder.EclipseLogger - Using 'UTF-8' encoding to copy filtered resources.
2020-09-20 14:51:02,663 [Worker-9: Building] INFO  o.e.m.c.i.embedder.EclipseLogger - skip non existing resourceDirectory C:\Users\lblan\Promineo Assignments\Weekly Assignments\Spring Boot Week 2\inventoryManagement\src\test\resources
2020-09-20 14:53:50,178 [Worker-11: Building] INFO  o.e.m.c.i.embedder.EclipseLogger - Using 'UTF-8' encoding to copy filtered resources.
2020-09-20 14:53:50,184 [Worker-11: Building] INFO  o.e.m.c.i.embedder.EclipseLogger - Copying 1 resource
2020-09-20 14:53:50,193 [Worker-11: Building] INFO  o.e.m.c.i.embedder.EclipseLogger - Copying 1 resource
2020-09-20 14:53:50,194 [Worker-11: Building] INFO  o.e.m.c.i.embedder.EclipseLogger - Using 'UTF-8' encoding to copy filtered resources.
2020-09-20 14:53:50,194 [Worker-11: Building] INFO  o.e.m.c.i.embedder.EclipseLogger - skip non existing resourceDirectory C:\Users\lblan\Promineo Assignments\Weekly Assignments\Spring Boot Week 2\inventoryManagement\src\test\resources
2020-09-20 14:57:22,708 [Worker-11: Building] INFO  o.e.m.c.i.embedder.EclipseLogger - Using 'UTF-8' encoding to copy filtered resources.
2020-09-20 14:57:22,709 [Worker-11: Building] INFO  o.e.m.c.i.embedder.EclipseLogger - Copying 1 resource
2020-09-20 14:57:22,711 [Worker-11: Building] INFO  o.e.m.c.i.embedder.EclipseLogger - Copying 1 resource
2020-09-20 14:57:22,713 [Worker-11: Building] INFO  o.e.m.c.i.embedder.EclipseLogger - Using 'UTF-8' encoding to copy filtered resources.
2020-09-20 14:57:22,713 [Worker-11: Building] INFO  o.e.m.c.i.embedder.EclipseLogger - skip non existing resourceDirectory C:\Users\lblan\Promineo Assignments\Weekly Assignments\Spring Boot Week 2\inventoryManagement\src\test\resources
2020-09-20 14:59:37,942 [Worker-11: Building] INFO  o.e.m.c.i.embedder.EclipseLogger - Using 'UTF-8' encoding to copy filtered resources.
2020-09-20 14:59:37,942 [Worker-11: Building] INFO  o.e.m.c.i.embedder.EclipseLogger - Copying 1 resource
2020-09-20 14:59:37,944 [Worker-11: Building] INFO  o.e.m.c.i.embedder.EclipseLogger - Copying 0 resource
2020-09-20 14:59:37,945 [Worker-11: Building] INFO  o.e.m.c.i.embedder.EclipseLogger - Using 'UTF-8' encoding to copy filtered resources.
2020-09-20 14:59:37,945 [Worker-11: Building] INFO  o.e.m.c.i.embedder.EclipseLogger - skip non existing resourceDirectory C:\Users\lblan\Promineo Assignments\Weekly Assignments\Spring Boot Week 2\inventoryManagement\src\test\resources
2020-09-20 15:00:09,865 [Worker-33: Building] INFO  o.e.m.c.i.embedder.EclipseLogger - Using 'UTF-8' encoding to copy filtered resources.
2020-09-20 15:00:09,866 [Worker-33: Building] INFO  o.e.m.c.i.embedder.EclipseLogger - Copying 1 resource
2020-09-20 15:00:09,867 [Worker-33: Building] INFO  o.e.m.c.i.embedder.EclipseLogger - Copying 1 resource
2020-09-20 15:00:09,870 [Worker-33: Building] INFO  o.e.m.c.i.embedder.EclipseLogger - Using 'UTF-8' encoding to copy filtered resources.
2020-09-20 15:00:09,870 [Worker-33: Building] INFO  o.e.m.c.i.embedder.EclipseLogger - skip non existing resourceDirectory C:\Users\lblan\Promineo Assignments\Weekly Assignments\Spring Boot Week 2\inventoryManagement\src\test\resources
2020-09-20 15:15:36,741 [Worker-39: Building] INFO  o.e.m.c.i.embedder.EclipseLogger - Using 'UTF-8' encoding to copy filtered resources.
2020-09-20 15:15:36,742 [Worker-39: Building] INFO  o.e.m.c.i.embedder.EclipseLogger - Copying 1 resource
2020-09-20 15:15:36,743 [Worker-39: Building] INFO  o.e.m.c.i.embedder.EclipseLogger - Copying 1 resource
2020-09-20 15:15:36,745 [Worker-39: Building] INFO  o.e.m.c.i.embedder.EclipseLogger - Using 'UTF-8' encoding to copy filtered resources.
2020-09-20 15:15:36,745 [Worker-39: Building] INFO  o.e.m.c.i.embedder.EclipseLogger - skip non existing resourceDirectory C:\Users\lblan\Promineo Assignments\Weekly Assignments\Spring Boot Week 2\inventoryManagement\src\test\resources
2020-09-20 15:17:17,023 [Worker-37: Building] INFO  o.e.m.c.i.embedder.EclipseLogger - Using 'UTF-8' encoding to copy filtered resources.
2020-09-20 15:17:17,023 [Worker-37: Building] INFO  o.e.m.c.i.embedder.EclipseLogger - Copying 0 resource
2020-09-20 15:17:17,023 [Worker-37: Building] INFO  o.e.m.c.i.embedder.EclipseLogger - Copying 0 resource
2020-09-20 15:17:17,025 [Worker-37: Building] INFO  o.e.m.c.i.embedder.EclipseLogger - Using 'UTF-8' encoding to copy filtered resources.
2020-09-20 15:17:17,025 [Worker-37: Building] INFO  o.e.m.c.i.embedder.EclipseLogger - skip non existing resourceDirectory C:\Users\lblan\Promineo Assignments\Weekly Assignments\Spring Boot Week 2\inventoryManagement\src\test\resources
2020-09-20 15:21:39,472 [Worker-11: Launching App] INFO  o.e.m.c.i.embedder.EclipseLogger - Using 'UTF-8' encoding to copy filtered resources.
2020-09-20 15:21:39,472 [Worker-11: Launching App] INFO  o.e.m.c.i.embedder.EclipseLogger - Copying 1 resource
2020-09-20 15:21:39,474 [Worker-11: Launching App] INFO  o.e.m.c.i.embedder.EclipseLogger - Copying 1 resource
2020-09-20 15:21:39,477 [Worker-11: Launching App] INFO  o.e.m.c.i.embedder.EclipseLogger - Using 'UTF-8' encoding to copy filtered resources.
2020-09-20 15:21:39,478 [Worker-11: Launching App] INFO  o.e.m.c.i.embedder.EclipseLogger - skip non existing resourceDirectory C:\Users\lblan\Promineo Assignments\Weekly Assignments\Spring Boot Week 2\inventoryManagement\src\test\resources
2020-09-20 15:21:40,644 [Worker-37: Building] INFO  o.e.m.c.i.embedder.EclipseLogger - Using 'UTF-8' encoding to copy filtered resources.
2020-09-20 15:21:40,644 [Worker-37: Building] INFO  o.e.m.c.i.embedder.EclipseLogger - Copying 1 resource
2020-09-20 15:21:40,646 [Worker-37: Building] INFO  o.e.m.c.i.embedder.EclipseLogger - Copying 1 resource
2020-09-20 15:21:40,648 [Worker-37: Building] INFO  o.e.m.c.i.embedder.EclipseLogger - Using 'UTF-8' encoding to copy filtered resources.
2020-09-20 15:21:40,648 [Worker-37: Building] INFO  o.e.m.c.i.embedder.EclipseLogger - skip non existing resourceDirectory C:\Users\lblan\Promineo Assignments\Weekly Assignments\Spring Boot Week 2\inventoryManagement\src\test\resources
2020-09-20 15:24:31,133 [Worker-37: Building] INFO  o.e.m.c.i.embedder.EclipseLogger - Using 'UTF-8' encoding to copy filtered resources.
2020-09-20 15:24:31,133 [Worker-37: Building] INFO  o.e.m.c.i.embedder.EclipseLogger - Copying 1 resource
2020-09-20 15:24:31,135 [Worker-37: Building] INFO  o.e.m.c.i.embedder.EclipseLogger - Copying 1 resource
2020-09-20 15:24:31,137 [Worker-37: Building] INFO  o.e.m.c.i.embedder.EclipseLogger - Using 'UTF-8' encoding to copy filtered resources.
2020-09-20 15:24:31,137 [Worker-37: Building] INFO  o.e.m.c.i.embedder.EclipseLogger - skip non existing resourceDirectory C:\Users\lblan\Promineo Assignments\Weekly Assignments\Spring Boot Week 2\inventoryManagement\src\test\resources
2020-09-20 15:27:04,519 [Worker-11: Building] INFO  o.e.m.c.i.embedder.EclipseLogger - Using 'UTF-8' encoding to copy filtered resources.
2020-09-20 15:27:04,520 [Worker-11: Building] INFO  o.e.m.c.i.embedder.EclipseLogger - Copying 1 resource
2020-09-20 15:27:04,521 [Worker-11: Building] INFO  o.e.m.c.i.embedder.EclipseLogger - Copying 0 resource
2020-09-20 15:27:04,523 [Worker-11: Building] INFO  o.e.m.c.i.embedder.EclipseLogger - Using 'UTF-8' encoding to copy filtered resources.
2020-09-20 15:27:04,523 [Worker-11: Building] INFO  o.e.m.c.i.embedder.EclipseLogger - skip non existing resourceDirectory C:\Users\lblan\Promineo Assignments\Weekly Assignments\Spring Boot Week 2\inventoryManagement\src\test\resources
2020-09-20 15:28:02,902 [Worker-45: Building] INFO  o.e.m.c.i.embedder.EclipseLogger - Using 'UTF-8' encoding to copy filtered resources.
2020-09-20 15:28:02,903 [Worker-45: Building] INFO  o.e.m.c.i.embedder.EclipseLogger - Copying 1 resource
2020-09-20 15:28:02,904 [Worker-45: Building] INFO  o.e.m.c.i.embedder.EclipseLogger - Copying 1 resource
2020-09-20 15:28:02,907 [Worker-45: Building] INFO  o.e.m.c.i.embedder.EclipseLogger - Using 'UTF-8' encoding to copy filtered resources.
2020-09-20 15:28:02,907 [Worker-45: Building] INFO  o.e.m.c.i.embedder.EclipseLogger - skip non existing resourceDirectory C:\Users\lblan\Promineo Assignments\Weekly Assignments\Spring Boot Week 2\inventoryManagement\src\test\resources
2020-09-20 15:29:12,549 [Worker-45: Building] INFO  o.e.m.c.i.embedder.EclipseLogger - Using 'UTF-8' encoding to copy filtered resources.
2020-09-20 15:29:12,549 [Worker-45: Building] INFO  o.e.m.c.i.embedder.EclipseLogger - Copying 1 resource
2020-09-20 15:29:12,550 [Worker-45: Building] INFO  o.e.m.c.i.embedder.EclipseLogger - Copying 0 resource
2020-09-20 15:29:12,551 [Worker-45: Building] INFO  o.e.m.c.i.embedder.EclipseLogger - Using 'UTF-8' encoding to copy filtered resources.
2020-09-20 15:29:12,551 [Worker-45: Building] INFO  o.e.m.c.i.embedder.EclipseLogger - skip non existing resourceDirectory C:\Users\lblan\Promineo Assignments\Weekly Assignments\Spring Boot Week 2\inventoryManagement\src\test\resources
2020-09-20 15:29:43,547 [Worker-11: Building] INFO  o.e.m.c.i.embedder.EclipseLogger - Using 'UTF-8' encoding to copy filtered resources.
2020-09-20 15:29:43,547 [Worker-11: Building] INFO  o.e.m.c.i.embedder.EclipseLogger - Copying 1 resource
2020-09-20 15:29:43,549 [Worker-11: Building] INFO  o.e.m.c.i.embedder.EclipseLogger - Copying 1 resource
2020-09-20 15:29:43,550 [Worker-11: Building] INFO  o.e.m.c.i.embedder.EclipseLogger - Using 'UTF-8' encoding to copy filtered resources.
2020-09-20 15:29:43,550 [Worker-11: Building] INFO  o.e.m.c.i.embedder.EclipseLogger - skip non existing resourceDirectory C:\Users\lblan\Promineo Assignments\Weekly Assignments\Spring Boot Week 2\inventoryManagement\src\test\resources
2020-09-20 15:30:10,328 [Worker-37: Building] INFO  o.e.m.c.i.embedder.EclipseLogger - Using 'UTF-8' encoding to copy filtered resources.
2020-09-20 15:30:10,329 [Worker-37: Building] INFO  o.e.m.c.i.embedder.EclipseLogger - Copying 1 resource
2020-09-20 15:30:10,334 [Worker-37: Building] INFO  o.e.m.c.i.embedder.EclipseLogger - Copying 1 resource
2020-09-20 15:30:10,338 [Worker-37: Building] INFO  o.e.m.c.i.embedder.EclipseLogger - Using 'UTF-8' encoding to copy filtered resources.
2020-09-20 15:30:10,338 [Worker-37: Building] INFO  o.e.m.c.i.embedder.EclipseLogger - skip non existing resourceDirectory C:\Users\lblan\Promineo Assignments\Weekly Assignments\Spring Boot Week 2\inventoryManagement\src\test\resources
2020-09-20 15:31:16,736 [Worker-11: Building] INFO  o.e.m.c.i.embedder.EclipseLogger - Using 'UTF-8' encoding to copy filtered resources.
2020-09-20 15:31:16,736 [Worker-11: Building] INFO  o.e.m.c.i.embedder.EclipseLogger - Copying 1 resource
2020-09-20 15:31:16,737 [Worker-11: Building] INFO  o.e.m.c.i.embedder.EclipseLogger - Copying 1 resource
2020-09-20 15:31:16,739 [Worker-11: Building] INFO  o.e.m.c.i.embedder.EclipseLogger - Using 'UTF-8' encoding to copy filtered resources.
2020-09-20 15:31:16,739 [Worker-11: Building] INFO  o.e.m.c.i.embedder.EclipseLogger - skip non existing resourceDirectory C:\Users\lblan\Promineo Assignments\Weekly Assignments\Spring Boot Week 2\inventoryManagement\src\test\resources
2020-09-20 15:31:59,304 [Worker-39: Building] INFO  o.e.m.c.i.embedder.EclipseLogger - Using 'UTF-8' encoding to copy filtered resources.
2020-09-20 15:31:59,306 [Worker-39: Building] INFO  o.e.m.c.i.embedder.EclipseLogger - Copying 1 resource
2020-09-20 15:31:59,309 [Worker-39: Building] INFO  o.e.m.c.i.embedder.EclipseLogger - Copying 1 resource
2020-09-20 15:31:59,312 [Worker-39: Building] INFO  o.e.m.c.i.embedder.EclipseLogger - Using 'UTF-8' encoding to copy filtered resources.
2020-09-20 15:31:59,312 [Worker-39: Building] INFO  o.e.m.c.i.embedder.EclipseLogger - skip non existing resourceDirectory C:\Users\lblan\Promineo Assignments\Weekly Assignments\Spring Boot Week 2\inventoryManagement\src\test\resources
2020-09-20 15:32:08,793 [Worker-37: Building] INFO  o.e.m.c.i.embedder.EclipseLogger - Using 'UTF-8' encoding to copy filtered resources.
2020-09-20 15:32:08,794 [Worker-37: Building] INFO  o.e.m.c.i.embedder.EclipseLogger - Copying 1 resource
2020-09-20 15:32:08,799 [Worker-37: Building] INFO  o.e.m.c.i.embedder.EclipseLogger - Copying 1 resource
2020-09-20 15:32:08,803 [Worker-37: Building] INFO  o.e.m.c.i.embedder.EclipseLogger - Using 'UTF-8' encoding to copy filtered resources.
2020-09-20 15:32:08,803 [Worker-37: Building] INFO  o.e.m.c.i.embedder.EclipseLogger - skip non existing resourceDirectory C:\Users\lblan\Promineo Assignments\Weekly Assignments\Spring Boot Week 2\inventoryManagement\src\test\resources
2020-09-20 15:32:35,548 [Worker-11: Building] INFO  o.e.m.c.i.embedder.EclipseLogger - Using 'UTF-8' encoding to copy filtered resources.
2020-09-20 15:32:35,550 [Worker-11: Building] INFO  o.e.m.c.i.embedder.EclipseLogger - Copying 1 resource
2020-09-20 15:32:35,552 [Worker-11: Building] INFO  o.e.m.c.i.embedder.EclipseLogger - Copying 1 resource
2020-09-20 15:32:35,555 [Worker-11: Building] INFO  o.e.m.c.i.embedder.EclipseLogger - Using 'UTF-8' encoding to copy filtered resources.
2020-09-20 15:32:35,555 [Worker-11: Building] INFO  o.e.m.c.i.embedder.EclipseLogger - skip non existing resourceDirectory C:\Users\lblan\Promineo Assignments\Weekly Assignments\Spring Boot Week 2\inventoryManagement\src\test\resources
2020-09-20 15:36:50,461 [Worker-37: Building] INFO  o.e.m.c.i.embedder.EclipseLogger - Using 'UTF-8' encoding to copy filtered resources.
2020-09-20 15:36:50,461 [Worker-37: Building] INFO  o.e.m.c.i.embedder.EclipseLogger - Copying 1 resource
2020-09-20 15:36:50,463 [Worker-37: Building] INFO  o.e.m.c.i.embedder.EclipseLogger - Copying 0 resource
2020-09-20 15:36:50,464 [Worker-37: Building] INFO  o.e.m.c.i.embedder.EclipseLogger - Using 'UTF-8' encoding to copy filtered resources.
2020-09-20 15:36:50,464 [Worker-37: Building] INFO  o.e.m.c.i.embedder.EclipseLogger - skip non existing resourceDirectory C:\Users\lblan\Promineo Assignments\Weekly Assignments\Spring Boot Week 2\inventoryManagement\src\test\resources
2020-09-20 15:37:30,209 [Worker-47: Building] INFO  o.e.m.c.i.embedder.EclipseLogger - Using 'UTF-8' encoding to copy filtered resources.
2020-09-20 15:37:30,210 [Worker-47: Building] INFO  o.e.m.c.i.embedder.EclipseLogger - Copying 1 resource
2020-09-20 15:37:30,211 [Worker-47: Building] INFO  o.e.m.c.i.embedder.EclipseLogger - Copying 1 resource
2020-09-20 15:37:30,213 [Worker-47: Building] INFO  o.e.m.c.i.embedder.EclipseLogger - Using 'UTF-8' encoding to copy filtered resources.
2020-09-20 15:37:30,213 [Worker-47: Building] INFO  o.e.m.c.i.embedder.EclipseLogger - skip non existing resourceDirectory C:\Users\lblan\Promineo Assignments\Weekly Assignments\Spring Boot Week 2\inventoryManagement\src\test\resources
2020-09-20 15:38:24,337 [Worker-37: Building] INFO  o.e.m.c.i.embedder.EclipseLogger - Using 'UTF-8' encoding to copy filtered resources.
2020-09-20 15:38:24,337 [Worker-37: Building] INFO  o.e.m.c.i.embedder.EclipseLogger - Copying 1 resource
2020-09-20 15:38:24,339 [Worker-37: Building] INFO  o.e.m.c.i.embedder.EclipseLogger - Copying 0 resource
2020-09-20 15:38:24,340 [Worker-37: Building] INFO  o.e.m.c.i.embedder.EclipseLogger - Using 'UTF-8' encoding to copy filtered resources.
2020-09-20 15:38:24,340 [Worker-37: Building] INFO  o.e.m.c.i.embedder.EclipseLogger - skip non existing resourceDirectory C:\Users\lblan\Promineo Assignments\Weekly Assignments\Spring Boot Week 2\inventoryManagement\src\test\resources
2020-09-20 15:38:40,523 [Worker-37: Building] INFO  o.e.m.c.i.embedder.EclipseLogger - Using 'UTF-8' encoding to copy filtered resources.
2020-09-20 15:38:40,524 [Worker-37: Building] INFO  o.e.m.c.i.embedder.EclipseLogger - Copying 1 resource
2020-09-20 15:38:40,525 [Worker-37: Building] INFO  o.e.m.c.i.embedder.EclipseLogger - Copying 1 resource
2020-09-20 15:38:40,526 [Worker-37: Building] INFO  o.e.m.c.i.embedder.EclipseLogger - Using 'UTF-8' encoding to copy filtered resources.
2020-09-20 15:38:40,526 [Worker-37: Building] INFO  o.e.m.c.i.embedder.EclipseLogger - skip non existing resourceDirectory C:\Users\lblan\Promineo Assignments\Weekly Assignments\Spring Boot Week 2\inventoryManagement\src\test\resources
2020-09-20 15:40:56,471 [Worker-37: Building] INFO  o.e.m.c.i.embedder.EclipseLogger - Using 'UTF-8' encoding to copy filtered resources.
2020-09-20 15:40:56,471 [Worker-37: Building] INFO  o.e.m.c.i.embedder.EclipseLogger - Copying 1 resource
2020-09-20 15:40:56,472 [Worker-37: Building] INFO  o.e.m.c.i.embedder.EclipseLogger - Copying 0 resource
2020-09-20 15:40:56,473 [Worker-37: Building] INFO  o.e.m.c.i.embedder.EclipseLogger - Using 'UTF-8' encoding to copy filtered resources.
2020-09-20 15:40:56,473 [Worker-37: Building] INFO  o.e.m.c.i.embedder.EclipseLogger - skip non existing resourceDirectory C:\Users\lblan\Promineo Assignments\Weekly Assignments\Spring Boot Week 2\inventoryManagement\src\test\resources
2020-09-20 15:41:28,685 [Worker-45: Building] INFO  o.e.m.c.i.embedder.EclipseLogger - Using 'UTF-8' encoding to copy filtered resources.
2020-09-20 15:41:28,685 [Worker-45: Building] INFO  o.e.m.c.i.embedder.EclipseLogger - Copying 1 resource
2020-09-20 15:41:28,686 [Worker-45: Building] INFO  o.e.m.c.i.embedder.EclipseLogger - Copying 1 resource
2020-09-20 15:41:28,688 [Worker-45: Building] INFO  o.e.m.c.i.embedder.EclipseLogger - Using 'UTF-8' encoding to copy filtered resources.
2020-09-20 15:41:28,688 [Worker-45: Building] INFO  o.e.m.c.i.embedder.EclipseLogger - skip non existing resourceDirectory C:\Users\lblan\Promineo Assignments\Weekly Assignments\Spring Boot Week 2\inventoryManagement\src\test\resources
2020-09-20 15:42:20,276 [Worker-51: Building] INFO  o.e.m.c.i.embedder.EclipseLogger - Using 'UTF-8' encoding to copy filtered resources.
2020-09-20 15:42:20,276 [Worker-51: Building] INFO  o.e.m.c.i.embedder.EclipseLogger - skip non existing resourceDirectory C:\Users\lblan\Promineo Assignments\Weekly Assignments\Spring Boot Week 2\inventoryManagement\src\main\resources
2020-09-20 15:42:20,277 [Worker-51: Building] INFO  o.e.m.c.i.embedder.EclipseLogger - skip non existing resourceDirectory C:\Users\lblan\Promineo Assignments\Weekly Assignments\Spring Boot Week 2\inventoryManagement\src\main\resources
2020-09-20 15:42:20,278 [Worker-51: Building] INFO  o.e.m.c.i.embedder.EclipseLogger - Using 'UTF-8' encoding to copy filtered resources.
2020-09-20 15:42:20,278 [Worker-51: Building] INFO  o.e.m.c.i.embedder.EclipseLogger - skip non existing resourceDirectory C:\Users\lblan\Promineo Assignments\Weekly Assignments\Spring Boot Week 2\inventoryManagement\src\test\resources
2020-09-20 15:42:33,093 [Worker-45: Building] INFO  o.e.m.c.i.embedder.EclipseLogger - Using 'UTF-8' encoding to copy filtered resources.
2020-09-20 15:42:33,094 [Worker-45: Building] INFO  o.e.m.c.i.embedder.EclipseLogger - Copying 0 resource
2020-09-20 15:42:33,094 [Worker-45: Building] INFO  o.e.m.c.i.embedder.EclipseLogger - Copying 0 resource
2020-09-20 15:42:33,095 [Worker-45: Building] INFO  o.e.m.c.i.embedder.EclipseLogger - Using 'UTF-8' encoding to copy filtered resources.
2020-09-20 15:42:33,095 [Worker-45: Building] INFO  o.e.m.c.i.embedder.EclipseLogger - skip non existing resourceDirectory C:\Users\lblan\Promineo Assignments\Weekly Assignments\Spring Boot Week 2\inventoryManagement\src\test\resources
2020-09-20 15:42:50,001 [Worker-49: Building] INFO  o.e.m.c.i.embedder.EclipseLogger - Using 'UTF-8' encoding to copy filtered resources.
2020-09-20 15:42:50,001 [Worker-49: Building] INFO  o.e.m.c.i.embedder.EclipseLogger - Copying 1 resource
2020-09-20 15:42:50,002 [Worker-49: Building] INFO  o.e.m.c.i.embedder.EclipseLogger - Copying 0 resource
2020-09-20 15:42:50,002 [Worker-49: Building] INFO  o.e.m.c.i.embedder.EclipseLogger - Using 'UTF-8' encoding to copy filtered resources.
2020-09-20 15:42:50,002 [Worker-49: Building] INFO  o.e.m.c.i.embedder.EclipseLogger - skip non existing resourceDirectory C:\Users\lblan\Promineo Assignments\Weekly Assignments\Spring Boot Week 2\inventoryManagement\src\test\resources
2020-09-20 15:43:04,185 [Worker-47: Building] INFO  o.e.m.c.i.embedder.EclipseLogger - Using 'UTF-8' encoding to copy filtered resources.
2020-09-20 15:43:04,186 [Worker-47: Building] INFO  o.e.m.c.i.embedder.EclipseLogger - Copying 0 resource
2020-09-20 15:43:04,186 [Worker-47: Building] INFO  o.e.m.c.i.embedder.EclipseLogger - Copying 1 resource
2020-09-20 15:43:04,188 [Worker-47: Building] INFO  o.e.m.c.i.embedder.EclipseLogger - Using 'UTF-8' encoding to copy filtered resources.
2020-09-20 15:43:04,188 [Worker-47: Building] INFO  o.e.m.c.i.embedder.EclipseLogger - skip non existing resourceDirectory C:\Users\lblan\Promineo Assignments\Weekly Assignments\Spring Boot Week 2\inventoryManagement\src\test\resources
2020-09-20 15:46:21,999 [Worker-47: Building] INFO  o.e.m.c.i.embedder.EclipseLogger - Using 'UTF-8' encoding to copy filtered resources.
2020-09-20 15:46:21,999 [Worker-47: Building] INFO  o.e.m.c.i.embedder.EclipseLogger - Copying 1 resource
2020-09-20 15:46:22,001 [Worker-47: Building] INFO  o.e.m.c.i.embedder.EclipseLogger - Copying 1 resource
2020-09-20 15:46:22,004 [Worker-47: Building] INFO  o.e.m.c.i.embedder.EclipseLogger - Using 'UTF-8' encoding to copy filtered resources.
2020-09-20 15:46:22,004 [Worker-47: Building] INFO  o.e.m.c.i.embedder.EclipseLogger - skip non existing resourceDirectory C:\Users\lblan\Promineo Assignments\Weekly Assignments\Spring Boot Week 2\inventoryManagement\src\test\resources
2020-09-20 15:47:24,605 [Worker-37: Building] INFO  o.e.m.c.i.embedder.EclipseLogger - Using 'UTF-8' encoding to copy filtered resources.
2020-09-20 15:47:24,606 [Worker-37: Building] INFO  o.e.m.c.i.embedder.EclipseLogger - Copying 0 resource
2020-09-20 15:47:24,606 [Worker-37: Building] INFO  o.e.m.c.i.embedder.EclipseLogger - Copying 1 resource
2020-09-20 15:47:24,608 [Worker-37: Building] INFO  o.e.m.c.i.embedder.EclipseLogger - Using 'UTF-8' encoding to copy filtered resources.
2020-09-20 15:47:24,608 [Worker-37: Building] INFO  o.e.m.c.i.embedder.EclipseLogger - skip non existing resourceDirectory C:\Users\lblan\Promineo Assignments\Weekly Assignments\Spring Boot Week 2\inventoryManagement\src\test\resources
2020-09-20 15:48:27,005 [Worker-47: Building] INFO  o.e.m.c.i.embedder.EclipseLogger - Using 'UTF-8' encoding to copy filtered resources.
2020-09-20 15:48:27,005 [Worker-47: Building] INFO  o.e.m.c.i.embedder.EclipseLogger - Copying 0 resource
2020-09-20 15:48:27,005 [Worker-47: Building] INFO  o.e.m.c.i.embedder.EclipseLogger - Copying 1 resource
2020-09-20 15:48:27,008 [Worker-47: Building] INFO  o.e.m.c.i.embedder.EclipseLogger - Using 'UTF-8' encoding to copy filtered resources.
2020-09-20 15:48:27,008 [Worker-47: Building] INFO  o.e.m.c.i.embedder.EclipseLogger - skip non existing resourceDirectory C:\Users\lblan\Promineo Assignments\Weekly Assignments\Spring Boot Week 2\inventoryManagement\src\test\resources
2020-09-20 15:49:35,345 [Worker-49: Building] INFO  o.e.m.c.i.embedder.EclipseLogger - Using 'UTF-8' encoding to copy filtered resources.
2020-09-20 15:49:35,345 [Worker-49: Building] INFO  o.e.m.c.i.embedder.EclipseLogger - Copying 0 resource
2020-09-20 15:49:35,345 [Worker-49: Building] INFO  o.e.m.c.i.embedder.EclipseLogger - Copying 1 resource
2020-09-20 15:49:35,348 [Worker-49: Building] INFO  o.e.m.c.i.embedder.EclipseLogger - Using 'UTF-8' encoding to copy filtered resources.
2020-09-20 15:49:35,348 [Worker-49: Building] INFO  o.e.m.c.i.embedder.EclipseLogger - skip non existing resourceDirectory C:\Users\lblan\Promineo Assignments\Weekly Assignments\Spring Boot Week 2\inventoryManagement\src\test\resources
2020-09-20 15:55:08,270 [Worker-49: Building] INFO  o.e.m.c.i.l.LifecycleMappingFactory - Using org.eclipse.m2e.jdt.JarLifecycleMapping lifecycle mapping for MavenProject: com.promineotech:inventoryManagement:0.0.1-SNAPSHOT @ C:\Users\lblan\Promineo Assignments\Weekly Assignments\Spring Boot Week 2\inventoryManagement\pom.xml.
2020-09-20 15:55:08,571 [Worker-49: Building] INFO  o.e.m.c.i.embedder.EclipseLogger - Using 'UTF-8' encoding to copy filtered resources.
2020-09-20 15:55:08,572 [Worker-49: Building] INFO  o.e.m.c.i.embedder.EclipseLogger - Copying 0 resource
2020-09-20 15:55:08,572 [Worker-49: Building] INFO  o.e.m.c.i.embedder.EclipseLogger - Copying 0 resource
2020-09-20 15:55:08,574 [Worker-49: Building] INFO  o.e.m.c.i.embedder.EclipseLogger - Using 'UTF-8' encoding to copy filtered resources.
2020-09-20 15:55:08,574 [Worker-49: Building] INFO  o.e.m.c.i.embedder.EclipseLogger - skip non existing resourceDirectory C:\Users\lblan\Promineo Assignments\Weekly Assignments\Spring Boot Week 2\inventoryManagement\src\test\resources
2020-09-20 15:57:35,906 [Worker-51: Building] INFO  o.e.m.c.i.embedder.EclipseLogger - Using 'UTF-8' encoding to copy filtered resources.
2020-09-20 15:57:35,906 [Worker-51: Building] INFO  o.e.m.c.i.embedder.EclipseLogger - Copying 0 resource
2020-09-20 15:57:35,906 [Worker-51: Building] INFO  o.e.m.c.i.embedder.EclipseLogger - Copying 1 resource
2020-09-20 15:57:35,912 [Worker-51: Building] INFO  o.e.m.c.i.embedder.EclipseLogger - Using 'UTF-8' encoding to copy filtered resources.
2020-09-20 15:57:35,912 [Worker-51: Building] INFO  o.e.m.c.i.embedder.EclipseLogger - skip non existing resourceDirectory C:\Users\lblan\Promineo Assignments\Weekly Assignments\Spring Boot Week 2\inventoryManagement\src\test\resources
2020-09-20 15:59:14,856 [Worker-49: Building] INFO  o.e.m.c.i.l.LifecycleMappingFactory - Using org.eclipse.m2e.jdt.JarLifecycleMapping lifecycle mapping for MavenProject: com.promineotech:inventoryManagement:0.0.1-SNAPSHOT @ C:\Users\lblan\Promineo Assignments\Weekly Assignments\Spring Boot Week 2\inventoryManagement\pom.xml.
2020-09-20 15:59:15,280 [Worker-49: Building] INFO  o.e.m.c.i.embedder.EclipseLogger - Using 'UTF-8' encoding to copy filtered resources.
2020-09-20 15:59:15,283 [Worker-49: Building] INFO  o.e.m.c.i.embedder.EclipseLogger - Copying 0 resource
2020-09-20 15:59:15,283 [Worker-49: Building] INFO  o.e.m.c.i.embedder.EclipseLogger - Copying 0 resource
2020-09-20 15:59:15,285 [Worker-49: Building] INFO  o.e.m.c.i.embedder.EclipseLogger - Using 'UTF-8' encoding to copy filtered resources.
2020-09-20 15:59:15,285 [Worker-49: Building] INFO  o.e.m.c.i.embedder.EclipseLogger - skip non existing resourceDirectory C:\Users\lblan\Promineo Assignments\Weekly Assignments\Spring Boot Week 2\inventoryManagement\src\test\resources
2020-09-20 15:59:16,515 [Worker-37: Building] INFO  o.e.m.c.i.embedder.EclipseLogger - Using 'UTF-8' encoding to copy filtered resources.
2020-09-20 15:59:16,516 [Worker-37: Building] INFO  o.e.m.c.i.embedder.EclipseLogger - Copying 1 resource
2020-09-20 15:59:16,525 [Worker-37: Building] INFO  o.e.m.c.i.embedder.EclipseLogger - Copying 1 resource
2020-09-20 15:59:16,530 [Worker-37: Building] INFO  o.e.m.c.i.embedder.EclipseLogger - Using 'UTF-8' encoding to copy filtered resources.
2020-09-20 15:59:16,530 [Worker-37: Building] INFO  o.e.m.c.i.embedder.EclipseLogger - skip non existing resourceDirectory C:\Users\lblan\Promineo Assignments\Weekly Assignments\Spring Boot Week 2\inventoryManagement\src\test\resources
2020-09-20 16:01:42,872 [Worker-7: Loading available Gradle versions] INFO  o.e.b.c.i.u.g.PublishedGradleVersions - Gradle version information cache is up-to-date. Trying to read.
2020-09-20 16:06:30,037 [Worker-37: Building] INFO  o.e.m.c.i.embedder.EclipseLogger - Using 'UTF-8' encoding to copy filtered resources.
2020-09-20 16:06:30,040 [Worker-37: Building] INFO  o.e.m.c.i.embedder.EclipseLogger - Copying 1 resource
2020-09-20 16:06:30,049 [Worker-37: Building] INFO  o.e.m.c.i.embedder.EclipseLogger - Copying 1 resource
2020-09-20 16:06:30,051 [Worker-37: Building] INFO  o.e.m.c.i.embedder.EclipseLogger - Using 'UTF-8' encoding to copy filtered resources.
2020-09-20 16:06:30,051 [Worker-37: Building] INFO  o.e.m.c.i.embedder.EclipseLogger - skip non existing resourceDirectory C:\Users\lblan\Promineo Assignments\Weekly Assignments\Spring Boot Week 2\inventoryManagement\src\test\resources
2020-09-20 16:07:52,548 [Worker-3: Loading available Gradle versions] INFO  o.e.b.c.i.u.g.PublishedGradleVersions - Gradle version information cache is up-to-date. Trying to read.
2020-09-20 16:15:16,642 [Worker-3: Loading available Gradle versions] INFO  o.e.b.c.i.u.g.PublishedGradleVersions - Gradle version information cache is up-to-date. Trying to read.
2020-09-20 16:30:15,816 [Worker-22: Building] INFO  o.e.m.c.i.embedder.EclipseLogger - Using 'UTF-8' encoding to copy filtered resources.
2020-09-20 16:30:15,821 [Worker-22: Building] INFO  o.e.m.c.i.embedder.EclipseLogger - Copying 1 resource
2020-09-20 16:30:15,831 [Worker-22: Building] INFO  o.e.m.c.i.embedder.EclipseLogger - Copying 1 resource
2020-09-20 16:30:15,836 [Worker-22: Building] INFO  o.e.m.c.i.embedder.EclipseLogger - Using 'UTF-8' encoding to copy filtered resources.
2020-09-20 16:30:15,836 [Worker-22: Building] INFO  o.e.m.c.i.embedder.EclipseLogger - skip non existing resourceDirectory C:\Users\lblan\Promineo Assignments\Weekly Assignments\Spring Boot Week 2\inventoryManagement\src\test\resources
